  enemyplane.cpp
C:\Users\d\source\repos\learn\learn\enemyplane.h(22,35): warning C4244: '=': conversion from 'int' to 'float', possible loss of data
  (compiling source file 'enemyplane.cpp')
  
C:\Users\d\source\repos\learn\learn\enemyplane.h(28,48): warning C4244: 'argument': conversion from 'const float' to 'int', possible loss of data
  (compiling source file 'enemyplane.cpp')
  
C:\Users\d\source\repos\learn\learn\enemyplane.h(31,48): warning C4244: 'argument': conversion from 'const float' to 'int', possible loss of data
  (compiling source file 'enemyplane.cpp')
  
C:\Users\d\source\repos\learn\learn\function.h(32,27): warning C4244: '-=': conversion from 'float' to 'int', possible loss of data
  (compiling source file 'enemyplane.cpp')
  
C:\Users\d\source\repos\learn\learn\enemyplane.cpp(4,20): warning C4018: '<': signed/unsigned mismatch
  main.cpp
C:\Users\d\source\repos\learn\learn\enemyplane.h(22,35): warning C4244: '=': conversion from 'int' to 'float', possible loss of data
  (compiling source file 'main.cpp')
  
C:\Users\d\source\repos\learn\learn\enemyplane.h(28,48): warning C4244: 'argument': conversion from 'const float' to 'int', possible loss of data
  (compiling source file 'main.cpp')
  
C:\Users\d\source\repos\learn\learn\enemyplane.h(31,48): warning C4244: 'argument': conversion from 'const float' to 'int', possible loss of data
  (compiling source file 'main.cpp')
  
C:\Users\d\source\repos\learn\learn\function.h(32,27): warning C4244: '-=': conversion from 'float' to 'int', possible loss of data
  (compiling source file 'main.cpp')
  
C:\Users\d\source\repos\learn\learn\function.h(32,27): warning C4244: '+=': conversion from 'float' to 'int', possible loss of data
  (compiling source file 'main.cpp')
  
  Generating Code...
  learn.vcxproj -> C:\Users\d\source\repos\learn\Debug\learn.exe
